#
# There is insufficient memory for the Java Runtime Environment to continue.
# Native memory allocation (malloc) failed to allocate 250288 bytes for Chunk::new
# Possible reasons:
#   The system is out of physical RAM or swap space
#   The process is running with CompressedOops enabled, and the Java Heap may be blocking the growth of the native heap
# Possible solutions:
#   Reduce memory load on the system
#   Increase physical memory or swap space
#   Check if swap backing store is full
#   Decrease Java heap size (-Xmx/-Xms)
#   Decrease number of Java threads
#   Decrease Java thread stack sizes (-Xss)
#   Set larger code cache with -XX:ReservedCodeCacheSize=
#   JVM is running with Unscaled Compressed Oops mode in which the Java heap is
#     placed in the first 4GB address space. The Java Heap base address is the
#     maximum limit for the native heap growth. Please use -XX:HeapBaseMinAddress
#     to set the Java Heap base and to place the Java Heap above 4GB virtual address.
# This output file may be truncated or incomplete.
#
#  Out of Memory Error (arena.cpp:195), pid=8816, tid=4100
#
# JRE version: OpenJDK Runtime Environment (16.0.2+7) (build 16.0.2+7-67)
# Java VM: OpenJDK 64-Bit Server VM (16.0.2+7-67, mixed mode, sharing, tiered, compressed oops, compressed class ptrs, g1 gc, windows-amd64)
# No core dump will be written. Minidumps are not enabled by default on client versions of Windows
#

---------------  S U M M A R Y ------------

Command Line: -javaagent:C:\Program Files\JetBrains\IntelliJ IDEA Community Edition 2021.1.2\lib\idea_rt.jar=51501:C:\Program Files\JetBrains\IntelliJ IDEA Community Edition 2021.1.2\bin -Dfile.encoding=UTF-8 com.fax.lekari.LekariApplication

Host: AMD Ryzen 5 3500U with Radeon Vega Mobile Gfx  , 8 cores, 5G,  Windows 10 , 64 bit Build 19041 (10.0.19041.1202)
Time: Sat Sep 18 09:32:15 2021 Central Europe Daylight Time elapsed time: 2.530254 seconds (0d 0h 0m 2s)

---------------  T H R E A D  ---------------

Current thread (0x000001c2b558ce00):  JavaThread "C2 CompilerThread0" daemon [_thread_in_native, id=4100, stack(0x000000a6e1e00000,0x000000a6e1f00000)]


Current CompileTask:
C2:   2530 1619       4       java.net.URLStreamHandler::setURL (73 bytes)

Stack: [0x000000a6e1e00000,0x000000a6e1f00000]
Native frames: (J=compiled Java code, j=interpreted, Vv=VM code, C=native code)
V  [jvm.dll+0x6681ca]
V  [jvm.dll+0x7c9e69]
V  [jvm.dll+0x7cb61e]
V  [jvm.dll+0x7cbc73]
V  [jvm.dll+0x242c55]
V  [jvm.dll+0xadeba]
V  [jvm.dll+0xae45c]
V  [jvm.dll+0x35a8d7]
V  [jvm.dll+0x324de1]
V  [jvm.dll+0x32428a]
V  [jvm.dll+0x215cec]
V  [jvm.dll+0x215100]
V  [jvm.dll+0x1a1beb]
V  [jvm.dll+0x225158]
V  [jvm.dll+0x22319c]
V  [jvm.dll+0x77fa62]
V  [jvm.dll+0x7795aa]
V  [jvm.dll+0x667066]
C  [ucrtbase.dll+0x21bb2]
C  [KERNEL32.DLL+0x17034]
C  [ntdll.dll+0x52651]


---------------  P R O C E S S  ---------------

Threads class SMR info:
_java_thread_list=0x000001c2b6ab02b0, length=17, elements={
0x000001c2988871e0, 0x000001c2b55794c0, 0x000001c2b557a380, 0x000001c2b55880b0,
0x000001c2b5588bc0, 0x000001c2b558b6d0, 0x000001c2b558c0d0, 0x000001c2b558ce00,
0x000001c2b558f860, 0x000001c2b55942c0, 0x000001c2b555cea0, 0x000001c2b612d970,
0x000001c2b616db00, 0x000001c2b67c2680, 0x000001c2b6fee740, 0x000001c2b72640c0,
0x000001c2b6e5f400
}

Java Threads: ( => current thread )
  0x000001c2988871e0 JavaThread "main" [_thread_blocked, id=10116, stack(0x000000a6e1100000,0x000000a6e1200000)]
  0x000001c2b55794c0 JavaThread "Reference Handler" daemon [_thread_blocked, id=3212, stack(0x000000a6e1800000,0x000000a6e1900000)]
  0x000001c2b557a380 JavaThread "Finalizer" daemon [_thread_blocked, id=1876, stack(0x000000a6e1900000,0x000000a6e1a00000)]
  0x000001c2b55880b0 JavaThread "Signal Dispatcher" daemon [_thread_blocked, id=1916, stack(0x000000a6e1a00000,0x000000a6e1b00000)]
  0x000001c2b5588bc0 JavaThread "Attach Listener" daemon [_thread_blocked, id=2176, stack(0x000000a6e1b00000,0x000000a6e1c00000)]
  0x000001c2b558b6d0 JavaThread "Service Thread" daemon [_thread_blocked, id=10140, stack(0x000000a6e1c00000,0x000000a6e1d00000)]
  0x000001c2b558c0d0 JavaThread "Monitor Deflation Thread" daemon [_thread_blocked, id=10156, stack(0x000000a6e1d00000,0x000000a6e1e00000)]
=>0x000001c2b558ce00 JavaThread "C2 CompilerThread0" daemon [_thread_in_native, id=4100, stack(0x000000a6e1e00000,0x000000a6e1f00000)]
  0x000001c2b558f860 JavaThread "C1 CompilerThread0" daemon [_thread_in_native, id=9232, stack(0x000000a6e1f00000,0x000000a6e2000000)]
  0x000001c2b55942c0 JavaThread "Sweeper thread" daemon [_thread_blocked, id=7376, stack(0x000000a6e2000000,0x000000a6e2100000)]
  0x000001c2b555cea0 JavaThread "Common-Cleaner" daemon [_thread_blocked, id=7372, stack(0x000000a6e2100000,0x000000a6e2200000)]
  0x000001c2b612d970 JavaThread "Monitor Ctrl-Break" daemon [_thread_in_native, id=8392, stack(0x000000a6e2200000,0x000000a6e2300000)]
  0x000001c2b616db00 JavaThread "Notification Thread" daemon [_thread_blocked, id=6612, stack(0x000000a6e2300000,0x000000a6e2400000)]
  0x000001c2b67c2680 JavaThread "C2 CompilerThread1" daemon [_thread_in_native, id=2392, stack(0x000000a6e2500000,0x000000a6e2600000)]
  0x000001c2b6fee740 JavaThread "Thread-0" [_thread_blocked, id=9700, stack(0x000000a6e2e00000,0x000000a6e2f00000)]
  0x000001c2b72640c0 JavaThread "restartedMain" [_thread_in_Java, id=9712, stack(0x000000a6e2f00000,0x000000a6e3000000)]
  0x000001c2b6e5f400 JavaThread "background-preinit" [_thread_in_Java, id=9688, stack(0x000000a6e3000000,0x000000a6e3100000)]

Other Threads:
  0x000001c2b5573860 VMThread "VM Thread" [stack: 0x000000a6e1700000,0x000000a6e1800000] [id=3684]
  0x000001c2b616e020 WatcherThread [stack: 0x000000a6e2400000,0x000000a6e2500000] [id=5372]
  0x000001c2988c0220 GCTaskThread "GC Thread#0" [stack: 0x000000a6e1200000,0x000000a6e1300000] [id=2512]
  0x000001c2b69a8a10 GCTaskThread "GC Thread#1" [stack: 0x000000a6e2600000,0x000000a6e2700000] [id=7172]
  0x000001c2b6ecf490 GCTaskThread "GC Thread#2" [stack: 0x000000a6e2800000,0x000000a6e2900000] [id=7436]
  0x000001c2b6b34590 GCTaskThread "GC Thread#3" [stack: 0x000000a6e2900000,0x000000a6e2a00000] [id=2376]
  0x000001c2b6a328b0 GCTaskThread "GC Thread#4" [stack: 0x000000a6e2a00000,0x000000a6e2b00000] [id=10136]
  0x000001c2b6a333d0 GCTaskThread "GC Thread#5" [stack: 0x000000a6e2b00000,0x000000a6e2c00000] [id=9988]
  0x000001c2b73b6580 GCTaskThread "GC Thread#6" [stack: 0x000000a6e2c00000,0x000000a6e2d00000] [id=10736]
  0x000001c2b71271b0 GCTaskThread "GC Thread#7" [stack: 0x000000a6e2d00000,0x000000a6e2e00000] [id=9612]
  0x000001c2988cd0e0 ConcurrentGCThread "G1 Main Marker" [stack: 0x000000a6e1300000,0x000000a6e1400000] [id=7260]
  0x000001c2988cdb50 ConcurrentGCThread "G1 Conc#0" [stack: 0x000000a6e1400000,0x000000a6e1500000] [id=2656]
  0x000001c298940cf0 ConcurrentGCThread "G1 Refine#0" [stack: 0x000000a6e1500000,0x000000a6e1600000] [id=10160]
  0x000001c298941770 ConcurrentGCThread "G1 Service" [stack: 0x000000a6e1600000,0x000000a6e1700000] [id=9824]

Threads with active compile tasks:
C2 CompilerThread0     2557 1619       4       java.net.URLStreamHandler::setURL (73 bytes)
C2 CompilerThread1     2557 1632   !   4       java.net.URL::<init> (543 bytes)

VM state: not at safepoint (normal execution)

VM Mutex/Monitor currently owned by a thread: None

Heap address: 0x00000000a0c00000, size: 1524 MB, Compressed Oops mode: 32-bit

CDS archive(s) mapped at: [0x0000000800000000-0x0000000800bb0000-0x0000000800bb0000), size 12255232, SharedBaseAddress: 0x0000000800000000, ArchiveRelocationMode: 0.
Compressed class space mapped at: 0x0000000800c00000-0x0000000840c00000, reserved size: 1073741824
Narrow klass base: 0x0000000800000000, Narrow klass shift: 3, Narrow klass range: 0x100000000

GC Precious Log:
 CPUs: 8 total, 8 available
 Memory: 6090M
 Large Page Support: Disabled
 NUMA Support: Disabled
 Compressed Oops: Enabled (32-bit)
 Heap Region Size: 1M
 Heap Min Capacity: 8M
 Heap Initial Capacity: 96M
 Heap Max Capacity: 1524M
 Pre-touch: Disabled
 Parallel Workers: 8
 Concurrent Workers: 2
 Concurrent Refinement Workers: 8
 Periodic GC: Disabled

Heap:
 garbage-first heap   total 98304K, used 37754K [0x00000000a0c00000, 0x0000000100000000)
  region size 1024K, 32 young (32768K), 1 survivors (1024K)
 Metaspace       used 11582K, committed 11776K, reserved 1064960K
  class space    used 1483K, committed 1536K, reserved 1048576K

Heap Regions: E=young(eden), S=young(survivor), O=old, HS=humongous(starts), HC=humongous(continues), CS=collection set, F=free, OA=open archive, CA=closed archive, TAMS=top-at-mark-start (previous, next)
|   0|0x00000000a0c00000, 0x00000000a0d00000, 0x00000000a0d00000|100%|HS|  |TAMS 0x00000000a0c00000, 0x00000000a0c00000| Complete 
|   1|0x00000000a0d00000, 0x00000000a0e00000, 0x00000000a0e00000|100%| O|  |TAMS 0x00000000a0d00000, 0x00000000a0d00000| Untracked 
|   2|0x00000000a0e00000, 0x00000000a0f00000, 0x00000000a0f00000|100%| O|  |TAMS 0x00000000a0e00000, 0x00000000a0e00000| Untracked 
|   3|0x00000000a0f00000, 0x00000000a1000000, 0x00000000a1000000|100%| O|  |TAMS 0x00000000a0f00000, 0x00000000a0f00000| Untracked 
|   4|0x00000000a1000000, 0x00000000a1100000, 0x00000000a1100000|100%| O|  |TAMS 0x00000000a1000000, 0x00000000a1000000| Untracked 
|   5|0x00000000a1100000, 0x00000000a1200000, 0x00000000a1200000|100%| O|  |TAMS 0x00000000a1100000, 0x00000000a1100000| Untracked 
|   6|0x00000000a1200000, 0x00000000a1285a00, 0x00000000a1300000| 52%| O|  |TAMS 0x00000000a1200000, 0x00000000a1200000| Untracked 
|   7|0x00000000a1300000, 0x00000000a1300000, 0x00000000a1400000|  0%| F|  |TAMS 0x00000000a1300000, 0x00000000a1300000| Untracked 
|   8|0x00000000a1400000, 0x00000000a1400000, 0x00000000a1500000|  0%| F|  |TAMS 0x00000000a1400000, 0x00000000a1400000| Untracked 
|   9|0x00000000a1500000, 0x00000000a1500000, 0x00000000a1600000|  0%| F|  |TAMS 0x00000000a1500000, 0x00000000a1500000| Untracked 
|  10|0x00000000a1600000, 0x00000000a1600000, 0x00000000a1700000|  0%| F|  |TAMS 0x00000000a1600000, 0x00000000a1600000| Untracked 
|  11|0x00000000a1700000, 0x00000000a1700000, 0x00000000a1800000|  0%| F|  |TAMS 0x00000000a1700000, 0x00000000a1700000| Untracked 
|  12|0x00000000a1800000, 0x00000000a1800000, 0x00000000a1900000|  0%| F|  |TAMS 0x00000000a1800000, 0x00000000a1800000| Untracked 
|  13|0x00000000a1900000, 0x00000000a1900000, 0x00000000a1a00000|  0%| F|  |TAMS 0x00000000a1900000, 0x00000000a1900000| Untracked 
|  14|0x00000000a1a00000, 0x00000000a1a00000, 0x00000000a1b00000|  0%| F|  |TAMS 0x00000000a1a00000, 0x00000000a1a00000| Untracked 
|  15|0x00000000a1b00000, 0x00000000a1b00000, 0x00000000a1c00000|  0%| F|  |TAMS 0x00000000a1b00000, 0x00000000a1b00000| Untracked 
|  16|0x00000000a1c00000, 0x00000000a1c00000, 0x00000000a1d00000|  0%| F|  |TAMS 0x00000000a1c00000, 0x00000000a1c00000| Untracked 
|  17|0x00000000a1d00000, 0x00000000a1d00000, 0x00000000a1e00000|  0%| F|  |TAMS 0x00000000a1d00000, 0x00000000a1d00000| Untracked 
|  18|0x00000000a1e00000, 0x00000000a1e00000, 0x00000000a1f00000|  0%| F|  |TAMS 0x00000000a1e00000, 0x00000000a1e00000| Untracked 
|  19|0x00000000a1f00000, 0x00000000a1f00000, 0x00000000a2000000|  0%| F|  |TAMS 0x00000000a1f00000, 0x00000000a1f00000| Untracked 
|  20|0x00000000a2000000, 0x00000000a2000000, 0x00000000a2100000|  0%| F|  |TAMS 0x00000000a2000000, 0x00000000a2000000| Untracked 
|  21|0x00000000a2100000, 0x00000000a2100000, 0x00000000a2200000|  0%| F|  |TAMS 0x00000000a2100000, 0x00000000a2100000| Untracked 
|  22|0x00000000a2200000, 0x00000000a2200000, 0x00000000a2300000|  0%| F|  |TAMS 0x00000000a2200000, 0x00000000a2200000| Untracked 
|  23|0x00000000a2300000, 0x00000000a2300000, 0x00000000a2400000|  0%| F|  |TAMS 0x00000000a2300000, 0x00000000a2300000| Untracked 
|  24|0x00000000a2400000, 0x00000000a2400000, 0x00000000a2500000|  0%| F|  |TAMS 0x00000000a2400000, 0x00000000a2400000| Untracked 
|  25|0x00000000a2500000, 0x00000000a2500000, 0x00000000a2600000|  0%| F|  |TAMS 0x00000000a2500000, 0x00000000a2500000| Untracked 
|  26|0x00000000a2600000, 0x00000000a2600000, 0x00000000a2700000|  0%| F|  |TAMS 0x00000000a2600000, 0x00000000a2600000| Untracked 
|  27|0x00000000a2700000, 0x00000000a2700000, 0x00000000a2800000|  0%| F|  |TAMS 0x00000000a2700000, 0x00000000a2700000| Untracked 
|  28|0x00000000a2800000, 0x00000000a2800000, 0x00000000a2900000|  0%| F|  |TAMS 0x00000000a2800000, 0x00000000a2800000| Untracked 
|  29|0x00000000a2900000, 0x00000000a2900000, 0x00000000a2a00000|  0%| F|  |TAMS 0x00000000a2900000, 0x00000000a2900000| Untracked 
|  30|0x00000000a2a00000, 0x00000000a2a00000, 0x00000000a2b00000|  0%| F|  |TAMS 0x00000000a2a00000, 0x00000000a2a00000| Untracked 
|  31|0x00000000a2b00000, 0x00000000a2b00000, 0x00000000a2c00000|  0%| F|  |TAMS 0x00000000a2b00000, 0x00000000a2b00000| Untracked 
|  32|0x00000000a2c00000, 0x00000000a2c00000, 0x00000000a2d00000|  0%| F|  |TAMS 0x00000000a2c00000, 0x00000000a2c00000| Untracked 
|  33|0x00000000a2d00000, 0x00000000a2d00000, 0x00000000a2e00000|  0%| F|  |TAMS 0x00000000a2d00000, 0x00000000a2d00000| Untracked 
|  34|0x00000000a2e00000, 0x00000000a2e00000, 0x00000000a2f00000|  0%| F|  |TAMS 0x00000000a2e00000, 0x00000000a2e00000| Untracked 
|  35|0x00000000a2f00000, 0x00000000a2f00000, 0x00000000a3000000|  0%| F|  |TAMS 0x00000000a2f00000, 0x00000000a2f00000| Untracked 
|  36|0x00000000a3000000, 0x00000000a3000000, 0x00000000a3100000|  0%| F|  |TAMS 0x00000000a3000000, 0x00000000a3000000| Untracked 
|  37|0x00000000a3100000, 0x00000000a3100000, 0x00000000a3200000|  0%| F|  |TAMS 0x00000000a3100000, 0x00000000a3100000| Untracked 
|  38|0x00000000a3200000, 0x00000000a3200000, 0x00000000a3300000|  0%| F|  |TAMS 0x00000000a3200000, 0x00000000a3200000| Untracked 
|  39|0x00000000a3300000, 0x00000000a3300000, 0x00000000a3400000|  0%| F|  |TAMS 0x00000000a3300000, 0x00000000a3300000| Untracked 
|  40|0x00000000a3400000, 0x00000000a3400000, 0x00000000a3500000|  0%| F|  |TAMS 0x00000000a3400000, 0x00000000a3400000| Untracked 
|  41|0x00000000a3500000, 0x00000000a3500000, 0x00000000a3600000|  0%| F|  |TAMS 0x00000000a3500000, 0x00000000a3500000| Untracked 
|  42|0x00000000a3600000, 0x00000000a3600000, 0x00000000a3700000|  0%| F|  |TAMS 0x00000000a3600000, 0x00000000a3600000| Untracked 
|  43|0x00000000a3700000, 0x00000000a3700000, 0x00000000a3800000|  0%| F|  |TAMS 0x00000000a3700000, 0x00000000a3700000| Untracked 
|  44|0x00000000a3800000, 0x00000000a3800000, 0x00000000a3900000|  0%| F|  |TAMS 0x00000000a3800000, 0x00000000a3800000| Untracked 
|  45|0x00000000a3900000, 0x00000000a3900000, 0x00000000a3a00000|  0%| F|  |TAMS 0x00000000a3900000, 0x00000000a3900000| Untracked 
|  46|0x00000000a3a00000, 0x00000000a3a00000, 0x00000000a3b00000|  0%| F|  |TAMS 0x00000000a3a00000, 0x00000000a3a00000| Untracked 
|  47|0x00000000a3b00000, 0x00000000a3b00000, 0x00000000a3c00000|  0%| F|  |TAMS 0x00000000a3b00000, 0x00000000a3b00000| Untracked 
|  48|0x00000000a3c00000, 0x00000000a3c00000, 0x00000000a3d00000|  0%| F|  |TAMS 0x00000000a3c00000, 0x00000000a3c00000| Untracked 
|  49|0x00000000a3d00000, 0x00000000a3d00000, 0x00000000a3e00000|  0%| F|  |TAMS 0x00000000a3d00000, 0x00000000a3d00000| Untracked 
|  50|0x00000000a3e00000, 0x00000000a3e00000, 0x00000000a3f00000|  0%| F|  |TAMS 0x00000000a3e00000, 0x00000000a3e00000| Untracked 
|  51|0x00000000a3f00000, 0x00000000a3f00000, 0x00000000a4000000|  0%| F|  |TAMS 0x00000000a3f00000, 0x00000000a3f00000| Untracked 
|  52|0x00000000a4000000, 0x00000000a4000000, 0x00000000a4100000|  0%| F|  |TAMS 0x00000000a4000000, 0x00000000a4000000| Untracked 
|  53|0x00000000a4100000, 0x00000000a4100000, 0x00000000a4200000|  0%| F|  |TAMS 0x00000000a4100000, 0x00000000a4100000| Untracked 
|  54|0x00000000a4200000, 0x00000000a4200000, 0x00000000a4300000|  0%| F|  |TAMS 0x00000000a4200000, 0x00000000a4200000| Untracked 
|  55|0x00000000a4300000, 0x00000000a4300000, 0x00000000a4400000|  0%| F|  |TAMS 0x00000000a4300000, 0x00000000a4300000| Untracked 
|  56|0x00000000a4400000, 0x00000000a4400000, 0x00000000a4500000|  0%| F|  |TAMS 0x00000000a4400000, 0x00000000a4400000| Untracked 
|  57|0x00000000a4500000, 0x00000000a4500000, 0x00000000a4600000|  0%| F|  |TAMS 0x00000000a4500000, 0x00000000a4500000| Untracked 
|  58|0x00000000a4600000, 0x00000000a4600000, 0x00000000a4700000|  0%| F|  |TAMS 0x00000000a4600000, 0x00000000a4600000| Untracked 
|  59|0x00000000a4700000, 0x00000000a4700000, 0x00000000a4800000|  0%| F|  |TAMS 0x00000000a4700000, 0x00000000a4700000| Untracked 
|  60|0x00000000a4800000, 0x00000000a4800000, 0x00000000a4900000|  0%| F|  |TAMS 0x00000000a4800000, 0x00000000a4800000| Untracked 
|  61|0x00000000a4900000, 0x00000000a4900000, 0x00000000a4a00000|  0%| F|  |TAMS 0x00000000a4900000, 0x00000000a4900000| Untracked 
|  62|0x00000000a4a00000, 0x00000000a4a00000, 0x00000000a4b00000|  0%| F|  |TAMS 0x00000000a4a00000, 0x00000000a4a00000| Untracked 
|  63|0x00000000a4b00000, 0x00000000a4b00000, 0x00000000a4c00000|  0%| F|  |TAMS 0x00000000a4b00000, 0x00000000a4b00000| Untracked 
|  64|0x00000000a4c00000, 0x00000000a4c59028, 0x00000000a4d00000| 34%| S|CS|TAMS 0x00000000a4c00000, 0x00000000a4c00000| Complete 
|  65|0x00000000a4d00000, 0x00000000a4e00000, 0x00000000a4e00000|100%| E|  |TAMS 0x00000000a4d00000, 0x00000000a4d00000| Complete 
|  66|0x00000000a4e00000, 0x00000000a4f00000, 0x00000000a4f00000|100%| E|CS|TAMS 0x00000000a4e00000, 0x00000000a4e00000| Complete 
|  67|0x00000000a4f00000, 0x00000000a5000000, 0x00000000a5000000|100%| E|CS|TAMS 0x00000000a4f00000, 0x00000000a4f00000| Complete 
|  68|0x00000000a5000000, 0x00000000a5100000, 0x00000000a5100000|100%| E|CS|TAMS 0x00000000a5000000, 0x00000000a5000000| Complete 
|  69|0x00000000a5100000, 0x00000000a5200000, 0x00000000a5200000|100%| E|CS|TAMS 0x00000000a5100000, 0x00000000a5100000| Complete 
|  70|0x00000000a5200000, 0x00000000a5300000, 0x00000000a5300000|100%| E|CS|TAMS 0x00000000a5200000, 0x00000000a5200000| Complete 
|  71|0x00000000a5300000, 0x00000000a5400000, 0x00000000a5400000|100%| E|CS|TAMS 0x00000000a5300000, 0x00000000a5300000| Complete 
|  72|0x00000000a5400000, 0x00000000a5500000, 0x00000000a5500000|100%| E|CS|TAMS 0x00000000a5400000, 0x00000000a5400000| Complete 
|  73|0x00000000a5500000, 0x00000000a5600000, 0x00000000a5600000|100%| E|CS|TAMS 0x00000000a5500000, 0x00000000a5500000| Complete 
|  74|0x00000000a5600000, 0x00000000a5700000, 0x00000000a5700000|100%| E|CS|TAMS 0x00000000a5600000, 0x00000000a5600000| Complete 
|  75|0x00000000a5700000, 0x00000000a5800000, 0x00000000a5800000|100%| E|CS|TAMS 0x00000000a5700000, 0x00000000a5700000| Complete 
|  76|0x00000000a5800000, 0x00000000a5900000, 0x00000000a5900000|100%| E|CS|TAMS 0x00000000a5800000, 0x00000000a5800000| Complete 
|  77|0x00000000a5900000, 0x00000000a5a00000, 0x00000000a5a00000|100%| E|CS|TAMS 0x00000000a5900000, 0x00000000a5900000| Complete 
|  78|0x00000000a5a00000, 0x00000000a5b00000, 0x00000000a5b00000|100%| E|CS|TAMS 0x00000000a5a00000, 0x00000000a5a00000| Complete 
|  79|0x00000000a5b00000, 0x00000000a5c00000, 0x00000000a5c00000|100%| E|CS|TAMS 0x00000000a5b00000, 0x00000000a5b00000| Complete 
|  80|0x00000000a5c00000, 0x00000000a5d00000, 0x00000000a5d00000|100%| E|CS|TAMS 0x00000000a5c00000, 0x00000000a5c00000| Complete 
|  81|0x00000000a5d00000, 0x00000000a5e00000, 0x00000000a5e00000|100%| E|CS|TAMS 0x00000000a5d00000, 0x00000000a5d00000| Complete 
|  82|0x00000000a5e00000, 0x00000000a5f00000, 0x00000000a5f00000|100%| E|CS|TAMS 0x00000000a5e00000, 0x00000000a5e00000| Complete 
|  83|0x00000000a5f00000, 0x00000000a6000000, 0x00000000a6000000|100%| E|CS|TAMS 0x00000000a5f00000, 0x00000000a5f00000| Complete 
|  84|0x00000000a6000000, 0x00000000a6100000, 0x00000000a6100000|100%| E|CS|TAMS 0x00000000a6000000, 0x00000000a6000000| Complete 
|  85|0x00000000a6100000, 0x00000000a6200000, 0x00000000a6200000|100%| E|CS|TAMS 0x00000000a6100000, 0x00000000a6100000| Complete 
|  86|0x00000000a6200000, 0x00000000a6300000, 0x00000000a6300000|100%| E|CS|TAMS 0x00000000a6200000, 0x00000000a6200000| Complete 
|  87|0x00000000a6300000, 0x00000000a6400000, 0x00000000a6400000|100%| E|CS|TAMS 0x00000000a6300000, 0x00000000a6300000| Complete 
|  88|0x00000000a6400000, 0x00000000a6500000, 0x00000000a6500000|100%| E|CS|TAMS 0x00000000a6400000, 0x00000000a6400000| Complete 
|  89|0x00000000a6500000, 0x00000000a6600000, 0x00000000a6600000|100%| E|CS|TAMS 0x00000000a6500000, 0x00000000a6500000| Complete 
|  90|0x00000000a6600000, 0x00000000a6700000, 0x00000000a6700000|100%| E|CS|TAMS 0x00000000a6600000, 0x00000000a6600000| Complete 
|  91|0x00000000a6700000, 0x00000000a6800000, 0x00000000a6800000|100%| E|CS|TAMS 0x00000000a6700000, 0x00000000a6700000| Complete 
|  92|0x00000000a6800000, 0x00000000a6900000, 0x00000000a6900000|100%| E|CS|TAMS 0x00000000a6800000, 0x00000000a6800000| Complete 
|  93|0x00000000a6900000, 0x00000000a6a00000, 0x00000000a6a00000|100%| E|CS|TAMS 0x00000000a6900000, 0x00000000a6900000| Complete 
|  94|0x00000000a6a00000, 0x00000000a6b00000, 0x00000000a6b00000|100%| E|CS|TAMS 0x00000000a6a00000, 0x00000000a6a00000| Complete 
|  95|0x00000000a6b00000, 0x00000000a6c00000, 0x00000000a6c00000|100%| E|CS|TAMS 0x00000000a6b00000, 0x00000000a6b00000| Complete 

Card table byte_map: [0x000001c2af620000,0x000001c2af920000] _byte_map_base: 0x000001c2af11a000

Marking Bits (Prev, Next): (CMBitMap*) 0x000001c2988c0890, (CMBitMap*) 0x000001c2988c08d0
 Prev Bits: [0x000001c2afc20000, 0x000001c2b13f0000)
 Next Bits: [0x000001c2b13f0000, 0x000001c2b2bc0000)

Polling page: 0x000001c298060000

Metaspace:

Usage:
  Non-class:      9.88 MB used.
      Class:      1.45 MB used.
       Both:     11.33 MB used.

Virtual space:
  Non-class space:       16.00 MB reserved,      10.00 MB ( 62%) committed,  2 nodes.
      Class space:        1.00 GB reserved,       1.50 MB ( <1%) committed,  1 nodes.
              Both:        1.02 GB reserved,      11.50 MB (  1%) committed. 

Chunk freelists:
   Non-Class:  1.97 MB
       Class:  2.38 MB
        Both:  4.35 MB

MaxMetaspaceSize: 17179869184.00 GB
CompressedClassSpaceSize: 1.00 GB
 - commit_granule_bytes: 65536.
 - commit_granule_words: 8192.
 - virtual_space_node_default_size: 1048576.
 - enlarge_chunks_in_place: 1.
 - new_chunks_are_fully_committed: 0.
 - uncommit_free_chunks: 1.
 - use_allocation_guard: 0.
 - handle_deallocations: 1.


Internal statistics:

num_allocs_failed_limit: 0.
num_arena_births: 142.
num_arena_deaths: 0.
num_vsnodes_births: 3.
num_vsnodes_deaths: 0.
num_space_committed: 184.
num_space_uncommitted: 0.
num_chunks_returned_to_freelist: 0.
num_chunks_taken_from_freelist: 487.
num_chunk_merges: 0.
num_chunk_splits: 315.
num_chunks_enlarged: 239.
num_purges: 0.

CodeHeap 'non-profiled nmethods': size=120000Kb used=616Kb max_used=616Kb free=119383Kb
 bounds [0x000001c2a7ac0000, 0x000001c2a7d30000, 0x000001c2aeff0000]
CodeHeap 'profiled nmethods': size=120000Kb used=3020Kb max_used=3020Kb free=116979Kb
 bounds [0x000001c2a0590000, 0x000001c2a0890000, 0x000001c2a7ac0000]
CodeHeap 'non-nmethods': size=5760Kb used=1189Kb max_used=1220Kb free=4570Kb
 bounds [0x000001c29fff0000, 0x000001c2a0260000, 0x000001c2a0590000]
 total_blobs=2131 nmethods=1644 adapters=400
 compilation: enabled
              stopped_count=0, restarted_count=0
 full_count=0

Compilation events (20 events):
Event: 2.515 Thread 0x000001c2b558f860 nmethod 1621 0x000001c2a0871190 code [0x000001c2a0871340, 0x000001c2a0871518]
Event: 2.515 Thread 0x000001c2b558f860 1622       3       java.lang.Byte::hashCode (8 bytes)
Event: 2.515 Thread 0x000001c2b558f860 nmethod 1622 0x000001c2a0871610 code [0x000001c2a08717c0, 0x000001c2a0871918]
Event: 2.516 Thread 0x000001c2b558f860 1623       3       java.lang.invoke.MethodHandles$Lookup::hasFullPrivilegeAccess (18 bytes)
Event: 2.516 Thread 0x000001c2b558f860 nmethod 1623 0x000001c2a0871a10 code [0x000001c2a0871ba0, 0x000001c2a0871d18]
Event: 2.516 Thread 0x000001c2b558f860 1624       3       java.lang.invoke.MethodHandles$Lookup$ClassFile::readUnsignedShort (39 bytes)
Event: 2.517 Thread 0x000001c2b558f860 nmethod 1624 0x000001c2a0871d90 code [0x000001c2a0871f40, 0x000001c2a0872148]
Event: 2.517 Thread 0x000001c2b558f860 1627       3       jdk.internal.org.objectweb.asm.ClassReader::<init> (371 bytes)
Event: 2.519 Thread 0x000001c2b558f860 nmethod 1627 0x000001c2a0872290 code [0x000001c2a0872580, 0x000001c2a0873938]
Event: 2.519 Thread 0x000001c2b558f860 1628       3       java.lang.invoke.MethodHandles$Lookup::checkSecurityManager (97 bytes)
Event: 2.522 Thread 0x000001c2b558f860 nmethod 1628 0x000001c2a0873e90 code [0x000001c2a08741e0, 0x000001c2a0875558]
Event: 2.522 Thread 0x000001c2b558f860 1629       3       java.lang.invoke.MethodType::changeReturnType (20 bytes)
Event: 2.522 Thread 0x000001c2b558f860 nmethod 1629 0x000001c2a0875b90 code [0x000001c2a0875d40, 0x000001c2a0875f08]
Event: 2.522 Thread 0x000001c2b558f860 1630       3       java.lang.reflect.Constructor::setConstructorAccessor (21 bytes)
Event: 2.522 Thread 0x000001c2b558f860 nmethod 1630 0x000001c2a0875f90 code [0x000001c2a0876140, 0x000001c2a0876428]
Event: 2.522 Thread 0x000001c2b558f860 1631       3       ch.qos.logback.classic.LoggerContext::getTurboFilterChainDecision_0_3OrMore (31 bytes)
Event: 2.523 Thread 0x000001c2b558f860 nmethod 1631 0x000001c2a0876510 code [0x000001c2a08766e0, 0x000001c2a08769a8]
Event: 2.523 Thread 0x000001c2b558f860 1625       1       jdk.internal.org.objectweb.asm.ClassReader::getMaxStringLength (5 bytes)
Event: 2.523 Thread 0x000001c2b558f860 nmethod 1625 0x000001c2a7b59d90 code [0x000001c2a7b59f20, 0x000001c2a7b59ff8]
Event: 2.525 Thread 0x000001c2b67c2680 1632   !   4       java.net.URL::<init> (543 bytes)

GC Heap History (4 events):
Event: 1.336 GC heap before
{Heap before GC invocations=0 (full 0):
 garbage-first heap   total 98304K, used 23552K [0x00000000a0c00000, 0x0000000100000000)
  region size 1024K, 23 young (23552K), 0 survivors (0K)
 Metaspace       used 4075K, committed 4224K, reserved 1056768K
  class space    used 419K, committed 512K, reserved 1048576K
}
Event: 1.351 GC heap after
{Heap after GC invocations=1 (full 0):
 garbage-first heap   total 98304K, used 6739K [0x00000000a0c00000, 0x0000000100000000)
  region size 1024K, 3 young (3072K), 3 survivors (3072K)
 Metaspace       used 4075K, committed 4224K, reserved 1056768K
  class space    used 419K, committed 512K, reserved 1048576K
}
Event: 1.395 GC heap before
{Heap before GC invocations=1 (full 0):
 garbage-first heap   total 98304K, used 34387K [0x00000000a0c00000, 0x0000000100000000)
  region size 1024K, 31 young (31744K), 3 survivors (3072K)
 Metaspace       used 4239K, committed 4352K, reserved 1056768K
  class space    used 430K, committed 512K, reserved 1048576K
}
Event: 1.401 GC heap after
{Heap after GC invocations=2 (full 0):
 garbage-first heap   total 98304K, used 7034K [0x00000000a0c00000, 0x0000000100000000)
  region size 1024K, 1 young (1024K), 1 survivors (1024K)
 Metaspace       used 4239K, committed 4352K, reserved 1056768K
  class space    used 430K, committed 512K, reserved 1048576K
}

Deoptimization events (20 events):
Event: 2.453 Thread 0x000001c2b6e5f400 Uncommon trap: trap_request=0xffffffde fr.pc=0x000001c2a7b446e8 relative=0x0000000000000c48
Event: 2.453 Thread 0x000001c2b6e5f400 Uncommon trap: reason=class_check action=maybe_recompile pc=0x000001c2a7b446e8 method=java.util.HashMap.putVal(ILjava/lang/Object;Ljava/lang/Object;ZZ)Ljava/lang/Object; @ 91 c2
Event: 2.453 Thread 0x000001c2b6e5f400 DEOPT PACKING pc=0x000001c2a7b446e8 sp=0x000000a6e30febf0
Event: 2.453 Thread 0x000001c2b6e5f400 DEOPT UNPACKING pc=0x000001c2a003d72e sp=0x000000a6e30feba0 mode 2
Event: 2.454 Thread 0x000001c2b6e5f400 Uncommon trap: trap_request=0xffffff45 fr.pc=0x000001c2a7b434a8 relative=0x00000000000001e8
Event: 2.454 Thread 0x000001c2b6e5f400 Uncommon trap: reason=unstable_if action=reinterpret pc=0x000001c2a7b434a8 method=java.util.concurrent.ConcurrentHashMap.get(Ljava/lang/Object;)Ljava/lang/Object; @ 76 c2
Event: 2.454 Thread 0x000001c2b6e5f400 DEOPT PACKING pc=0x000001c2a7b434a8 sp=0x000000a6e30fdeb0
Event: 2.454 Thread 0x000001c2b6e5f400 DEOPT UNPACKING pc=0x000001c2a003d72e sp=0x000000a6e30fde28 mode 2
Event: 2.519 Thread 0x000001c2b72640c0 Uncommon trap: trap_request=0xffffff45 fr.pc=0x000001c2a7b155ac relative=0x00000000000014ac
Event: 2.519 Thread 0x000001c2b72640c0 Uncommon trap: reason=unstable_if action=reinterpret pc=0x000001c2a7b155ac method=java.io.WinNTFileSystem.normalize(Ljava/lang/String;II)Ljava/lang/String; @ 87 c2
Event: 2.519 Thread 0x000001c2b72640c0 DEOPT PACKING pc=0x000001c2a7b155ac sp=0x000000a6e2ffe0d0
Event: 2.519 Thread 0x000001c2b72640c0 DEOPT UNPACKING pc=0x000001c2a003d72e sp=0x000000a6e2ffe008 mode 2
Event: 2.523 Thread 0x000001c2b72640c0 Uncommon trap: trap_request=0xffffff45 fr.pc=0x000001c2a7b53728 relative=0x0000000000001348
Event: 2.523 Thread 0x000001c2b72640c0 Uncommon trap: reason=unstable_if action=reinterpret pc=0x000001c2a7b53728 method=java.util.concurrent.ConcurrentHashMap.transfer([Ljava/util/concurrent/ConcurrentHashMap$Node;[Ljava/util/concurrent/ConcurrentHashMap$Node;)V @ 34 c2
Event: 2.523 Thread 0x000001c2b72640c0 DEOPT PACKING pc=0x000001c2a7b53728 sp=0x000000a6e2ff92b0
Event: 2.523 Thread 0x000001c2b72640c0 DEOPT UNPACKING pc=0x000001c2a003d72e sp=0x000000a6e2ff9248 mode 2
Event: 2.523 Thread 0x000001c2b6e5f400 Uncommon trap: trap_request=0xffffff45 fr.pc=0x000001c2a7b5381c relative=0x000000000000143c
Event: 2.523 Thread 0x000001c2b6e5f400 Uncommon trap: reason=unstable_if action=reinterpret pc=0x000001c2a7b5381c method=java.util.concurrent.ConcurrentHashMap.transfer([Ljava/util/concurrent/ConcurrentHashMap$Node;[Ljava/util/concurrent/ConcurrentHashMap$Node;)V @ 273 c2
Event: 2.523 Thread 0x000001c2b6e5f400 DEOPT PACKING pc=0x000001c2a7b5381c sp=0x000000a6e30fae80
Event: 2.523 Thread 0x000001c2b6e5f400 DEOPT UNPACKING pc=0x000001c2a003d72e sp=0x000000a6e30fae10 mode 2

Classes unloaded (0 events):
No events

Classes redefined (0 events):
No events

Internal exceptions (20 events):
Event: 1.224 Thread 0x000001c2988871e0 Exception <a 'java/lang/NoSuchMethodError'{0x00000000a5dd5468}: 'java.lang.Object java.lang.invoke.DirectMethodHandle$Holder.invokeStaticInit(java.lang.Object, java.lang.Object, java.lang.Object)'> (0x00000000a5dd5468) 
thrown [t:\workspace\open\src\hotspot\share\interpreter\linkResolver.cpp, line 790]
Event: 1.236 Thread 0x000001c2988871e0 Exception <a 'java/lang/NoSuchMethodError'{0x00000000a5dfac60}: 'int java.lang.invoke.DirectMethodHandle$Holder.invokeSpecial(java.lang.Object, java.lang.Object, java.lang.Object)'> (0x00000000a5dfac60) 
thrown [t:\workspace\open\src\hotspot\share\interpreter\linkResolver.cpp, line 790]
Event: 1.497 Thread 0x000001c2b72640c0 Exception <a 'java/lang/NoSuchMethodError'{0x00000000a6984ef0}: 'void java.lang.invoke.DirectMethodHandle$Holder.invokeStatic(java.lang.Object, java.lang.Object, java.lang.Object)'> (0x00000000a6984ef0) 
thrown [t:\workspace\open\src\hotspot\share\interpreter\linkResolver.cpp, line 790]
Event: 1.599 Thread 0x000001c2b72640c0 Exception <a 'java/io/FileNotFoundException'{0x00000000a6743cf0}> (0x00000000a6743cf0) 
thrown [t:\workspace\open\src\hotspot\share\prims\jni.cpp, line 579]
Event: 1.677 Thread 0x000001c2b6e5f400 Implicit null exception at 0x000001c2a7b27abe to 0x000001c2a7b287be
Event: 1.677 Thread 0x000001c2b6e5f400 Implicit null exception at 0x000001c2a7b259af to 0x000001c2a7b25a2d
Event: 1.753 Thread 0x000001c2b72640c0 Exception <a 'java/lang/NoSuchMethodError'{0x00000000a63c2f28}: 'java.lang.Object java.lang.invoke.DirectMethodHandle$Holder.newInvokeSpecial(java.lang.Object, java.lang.Object, int, java.lang.Object)'> (0x00000000a63c2f28) 
thrown [t:\workspace\open\src\hotspot\share\interpreter\linkResolver.cpp, line 790]
Event: 1.754 Thread 0x000001c2b72640c0 Exception <a 'java/lang/NoSuchMethodError'{0x00000000a63c7420}: 'java.lang.Object java.lang.invoke.DirectMethodHandle$Holder.invokeSpecial(java.lang.Object, java.lang.Object, java.lang.Object, int, java.lang.Object)'> (0x00000000a63c7420) 
thrown [t:\workspace\open\src\hotspot\share\interpreter\linkResolver.cpp, line 790]
Event: 1.756 Thread 0x000001c2b72640c0 Exception <a 'java/lang/NoSuchMethodError'{0x00000000a63cf298}: 'void java.lang.invoke.DirectMethodHandle$Holder.invokeSpecial(java.lang.Object, java.lang.Object, java.lang.Object, java.lang.Object, java.lang.Object, java.lang.Object)'> (0x00000000a63cf298) 
thrown [t:\workspace\open\src\hotspot\share\interpreter\linkResolver.cpp, line 790]
Event: 1.759 Thread 0x000001c2b72640c0 Exception <a 'java/lang/NoSuchMethodError'{0x00000000a63e4d80}: 'java.lang.Object java.lang.invoke.DirectMethodHandle$Holder.newInvokeSpecial(java.lang.Object, java.lang.Object, java.lang.Object, java.lang.Object, java.lang.Object, java.lang.Object)'> (0x00000000a63e4d80) 
thrown [t:\workspace\open\src\hotspot\share\interpreter\linkResolver.cpp, line 790]
Event: 1.864 Thread 0x000001c2b72640c0 Exception <a 'java/lang/NoSuchMethodError'{0x00000000a60c62c0}: 'void java.lang.invoke.DirectMethodHandle$Holder.invokeStatic(java.lang.Object, java.lang.Object, java.lang.Object, java.lang.Object)'> (0x00000000a60c62c0) 
thrown [t:\workspace\open\src\hotspot\share\interpreter\linkResolver.cpp, line 790]
Event: 2.018 Thread 0x000001c2b72640c0 Exception <a 'java/lang/NoSuchMethodError'{0x00000000a5ed4448}: 'void java.lang.invoke.DirectMethodHandle$Holder.invokeStaticInit(java.lang.Object, java.lang.Object)'> (0x00000000a5ed4448) 
thrown [t:\workspace\open\src\hotspot\share\interpreter\linkResolver.cpp, line 790]
Event: 2.144 Thread 0x000001c2b72640c0 Exception <a 'java/lang/NoSuchMethodError'{0x00000000a5c3ec80}: 'java.lang.Object java.lang.invoke.DirectMethodHandle$Holder.invokeVirtual(java.lang.Object, java.lang.Object, java.lang.Object)'> (0x00000000a5c3ec80) 
thrown [t:\workspace\open\src\hotspot\share\interpreter\linkResolver.cpp, line 790]
Event: 2.288 Thread 0x000001c2b72640c0 Exception <a 'java/lang/NoSuchMethodError'{0x00000000a58c26c0}: 'java.lang.Object java.lang.invoke.DirectMethodHandle$Holder.invokeSpecial(java.lang.Object, java.lang.Object, java.lang.Object, java.lang.Object, java.lang.Object, java.lang.Object, int)'> (0x00000000a58c26c0) 
thrown [t:\workspace\open\src\hotspot\share\interpreter\linkResolver.cpp, line 790]
Event: 2.290 Thread 0x000001c2b72640c0 Exception <a 'java/lang/NoSuchMethodError'{0x00000000a58cd570}: 'java.lang.Object java.lang.invoke.DirectMethodHandle$Holder.newInvokeSpecial(java.lang.Object, java.lang.Object, java.lang.Object, java.lang.Object, java.lang.Object, java.lang.Object, int)'> (0x00000000a58cd570) 
thrown [t:\workspace\open\src\hotspot\share\interpreter\linkResolver.cpp, line 790]
Event: 2.291 Thread 0x000001c2b72640c0 Exception <a 'java/lang/NoSuchMethodError'{0x00000000a58d2420}: 'java.lang.Object java.lang.invoke.DirectMethodHandle$Holder.invokeSpecial(java.lang.Object, java.lang.Object, java.lang.Object, java.lang.Object, java.lang.Object, java.lang.Object, java.lang.Object, int)'> (0x00000000a58d2420) 
thrown [t:\workspace\open\src\hotspot\share\interpreter\linkResolver.cpp, line 790]
Event: 2.495 Thread 0x000001c2b6e5f400 Exception <a 'java/lang/NoSuchMethodError'{0x00000000a4f1b2e0}: 'void java.lang.invoke.DirectMethodHandle$Holder.invokeSpecial(java.lang.Object, java.lang.Object, java.lang.Object, java.lang.Object, java.lang.Object)'> (0x00000000a4f1b2e0) 
thrown [t:\workspace\open\src\hotspot\share\interpreter\linkResolver.cpp, line 790]
Event: 2.498 Thread 0x000001c2b6e5f400 Exception <a 'java/lang/NoSuchMethodError'{0x00000000a4f26e08}: 'int java.lang.invoke.DirectMethodHandle$Holder.invokeStaticInit(java.lang.Object, java.lang.Object, java.lang.Object)'> (0x00000000a4f26e08) 
thrown [t:\workspace\open\src\hotspot\share\interpreter\linkResolver.cpp, line 790]
Event: 2.516 Thread 0x000001c2b6e5f400 Exception <a 'java/lang/NoSuchMethodError'{0x00000000a4eaf3f8}: 'int java.lang.invoke.DirectMethodHandle$Holder.invokeInterface(java.lang.Object, java.lang.Object)'> (0x00000000a4eaf3f8) 
thrown [t:\workspace\open\src\hotspot\share\interpreter\linkResolver.cpp, line 790]
Event: 2.525 Thread 0x000001c2b72640c0 Exception <a 'java/lang/NoSuchMethodError'{0x00000000a4d19588}: 'org.slf4j.impl.StaticMDCBinder org.slf4j.impl.StaticMDCBinder.getSingleton()'> (0x00000000a4d19588) 
thrown [t:\workspace\open\src\hotspot\share\interpreter\linkResolver.cpp, line 790]

Events (20 events):
Event: 2.459 loading class sun/reflect/generics/tree/MethodTypeSignature
Event: 2.459 loading class sun/reflect/generics/tree/MethodTypeSignature done
Event: 2.460 loading class java/io/StringWriter
Event: 2.460 loading class java/io/StringWriter done
Event: 2.489 loading class java/util/BitSet
Event: 2.489 loading class java/util/BitSet done
Event: 2.490 loading class java/nio/charset/UnsupportedCharsetException
Event: 2.490 loading class java/nio/charset/UnsupportedCharsetException done
Event: 2.490 loading class java/security/SecureRandom
Event: 2.491 loading class java/security/SecureRandom done
Event: 2.526 loading class javax/xml/transform/TransformerException
Event: 2.526 loading class javax/xml/transform/TransformerException done
Event: 2.526 loading class javax/xml/transform/Result
Event: 2.526 loading class javax/xml/transform/Result done
Event: 2.526 loading class java/io/StringReader
Event: 2.527 loading class java/io/StringReader done
Event: 2.527 loading class javax/xml/parsers/ParserConfigurationException
Event: 2.527 loading class javax/xml/parsers/ParserConfigurationException done
Event: 2.527 loading class org/w3c/dom/Node
Event: 2.527 loading class org/w3c/dom/Node done


Dynamic libraries:
0x00007ff76ffe0000 - 0x00007ff76ffee000 	C:\Users\Bex\.jdks\openjdk-16.0.2\bin\java.exe
0x00007ffa6ce30000 - 0x00007ffa6d025000 	C:\WINDOWS\SYSTEM32\ntdll.dll
0x00007ffa6b3d0000 - 0x00007ffa6b48e000 	C:\WINDOWS\System32\KERNEL32.DLL
0x00007ffa6a7c0000 - 0x00007ffa6aa89000 	C:\WINDOWS\System32\KERNELBASE.dll
0x00007ffa6a550000 - 0x00007ffa6a650000 	C:\WINDOWS\System32\ucrtbase.dll
0x00007ffa34010000 - 0x00007ffa34028000 	C:\Users\Bex\.jdks\openjdk-16.0.2\bin\jli.dll
0x00007ffa6b220000 - 0x00007ffa6b3c1000 	C:\WINDOWS\System32\USER32.dll
0x00007ffa6aca0000 - 0x00007ffa6acc2000 	C:\WINDOWS\System32\win32u.dll
0x00007ffa6bf50000 - 0x00007ffa6bf7b000 	C:\WINDOWS\System32\GDI32.dll
0x00007ffa6ad70000 - 0x00007ffa6ae7b000 	C:\WINDOWS\System32\gdi32full.dll
0x00007ffa6acd0000 - 0x00007ffa6ad6d000 	C:\WINDOWS\System32\msvcp_win.dll
0x00007ffa34e20000 - 0x00007ffa34e39000 	C:\Users\Bex\.jdks\openjdk-16.0.2\bin\VCRUNTIME140.dll
0x00007ffa4c4d0000 - 0x00007ffa4c76a000 	C:\WINDOWS\WinSxS\amd64_microsoft.windows.common-controls_6595b64144ccf1df_6.0.19041.1110_none_60b5254171f9507e\COMCTL32.dll
0x00007ffa6b060000 - 0x00007ffa6b0fe000 	C:\WINDOWS\System32\msvcrt.dll
0x00007ffa6b1f0000 - 0x00007ffa6b220000 	C:\WINDOWS\System32\IMM32.DLL
0x00007ffa478c0000 - 0x00007ffa478cc000 	C:\Users\Bex\.jdks\openjdk-16.0.2\bin\vcruntime140_1.dll
0x00007ffa2ab60000 - 0x00007ffa2abf1000 	C:\Users\Bex\.jdks\openjdk-16.0.2\bin\msvcp140.dll
0x00007ffa29fb0000 - 0x00007ffa2ab5b000 	C:\Users\Bex\.jdks\openjdk-16.0.2\bin\server\jvm.dll
0x00007ffa6af50000 - 0x00007ffa6affc000 	C:\WINDOWS\System32\ADVAPI32.dll
0x00007ffa6bd80000 - 0x00007ffa6be1b000 	C:\WINDOWS\System32\sechost.dll
0x00007ffa6ccc0000 - 0x00007ffa6cdea000 	C:\WINDOWS\System32\RPCRT4.dll
0x00007ffa6aeb0000 - 0x00007ffa6aeb8000 	C:\WINDOWS\System32\PSAPI.DLL
0x00007ffa62ad0000 - 0x00007ffa62af7000 	C:\WINDOWS\SYSTEM32\WINMM.dll
0x00007ffa62b00000 - 0x00007ffa62b0a000 	C:\WINDOWS\SYSTEM32\VERSION.dll
0x00007ffa4c430000 - 0x00007ffa4c439000 	C:\WINDOWS\SYSTEM32\WSOCK32.dll
0x00007ffa6bf80000 - 0x00007ffa6bfeb000 	C:\WINDOWS\System32\WS2_32.dll
0x00007ffa68dd0000 - 0x00007ffa68de2000 	C:\WINDOWS\SYSTEM32\kernel.appcore.dll
0x00007ffa44a10000 - 0x00007ffa44a1a000 	C:\Users\Bex\.jdks\openjdk-16.0.2\bin\jimage.dll
0x00007ffa68420000 - 0x00007ffa68604000 	C:\WINDOWS\SYSTEM32\DBGHELP.DLL
0x00007ffa5c000000 - 0x00007ffa5c02c000 	C:\WINDOWS\SYSTEM32\dbgcore.DLL
0x00007ffa6a730000 - 0x00007ffa6a7b3000 	C:\WINDOWS\System32\bcryptPrimitives.dll
0x00007ffa3f570000 - 0x00007ffa3f57e000 	C:\Users\Bex\.jdks\openjdk-16.0.2\bin\instrument.dll
0x00007ffa33c70000 - 0x00007ffa33c95000 	C:\Users\Bex\.jdks\openjdk-16.0.2\bin\java.dll
0x00007ffa6b490000 - 0x00007ffa6bbcf000 	C:\WINDOWS\System32\SHELL32.dll
0x00007ffa68630000 - 0x00007ffa68dc0000 	C:\WINDOWS\SYSTEM32\windows.storage.dll
0x00007ffa6bff0000 - 0x00007ffa6c345000 	C:\WINDOWS\System32\combase.dll
0x00007ffa69ed0000 - 0x00007ffa69efc000 	C:\WINDOWS\SYSTEM32\Wldp.dll
0x00007ffa6c960000 - 0x00007ffa6ca0e000 	C:\WINDOWS\System32\SHCORE.dll
0x00007ffa6b180000 - 0x00007ffa6b1d5000 	C:\WINDOWS\System32\shlwapi.dll
0x00007ffa6a490000 - 0x00007ffa6a4af000 	C:\WINDOWS\SYSTEM32\profapi.dll
0x00007ffa29f70000 - 0x00007ffa29f88000 	C:\Users\Bex\.jdks\openjdk-16.0.2\bin\zip.dll
0x00007ffa33c50000 - 0x00007ffa33c69000 	C:\Users\Bex\.jdks\openjdk-16.0.2\bin\net.dll
0x00007ffa5e350000 - 0x00007ffa5e458000 	C:\WINDOWS\SYSTEM32\WINHTTP.dll
0x00007ffa69c30000 - 0x00007ffa69c9a000 	C:\WINDOWS\system32\mswsock.dll
0x00007ffa29f90000 - 0x00007ffa29fa3000 	C:\Users\Bex\.jdks\openjdk-16.0.2\bin\nio.dll
0x00007ffa29f10000 - 0x00007ffa29f2a000 	C:\Program Files\JetBrains\IntelliJ IDEA Community Edition 2021.1.2\bin\breakgen64.dll
0x00007ffa417f0000 - 0x00007ffa41800000 	C:\Users\Bex\.jdks\openjdk-16.0.2\bin\verify.dll
0x00007ffa34000000 - 0x00007ffa34009000 	C:\Users\Bex\.jdks\openjdk-16.0.2\bin\management.dll
0x00007ffa33c40000 - 0x00007ffa33c4b000 	C:\Users\Bex\.jdks\openjdk-16.0.2\bin\management_ext.dll
0x00007ffa52fb0000 - 0x00007ffa52fc7000 	C:\WINDOWS\system32\napinsp.dll
0x00007ffa52f90000 - 0x00007ffa52fab000 	C:\WINDOWS\system32\pnrpnsp.dll
0x00007ffa5a350000 - 0x00007ffa5a365000 	C:\WINDOWS\system32\wshbth.dll
0x00007ffa65b60000 - 0x00007ffa65b7d000 	C:\WINDOWS\system32\NLAapi.dll
0x00007ffa69920000 - 0x00007ffa6995b000 	C:\WINDOWS\SYSTEM32\IPHLPAPI.DLL
0x00007ffa69960000 - 0x00007ffa69a2c000 	C:\WINDOWS\SYSTEM32\DNSAPI.dll
0x00007ffa6aea0000 - 0x00007ffa6aea8000 	C:\WINDOWS\System32\NSI.dll
0x00007ffa52f50000 - 0x00007ffa52f62000 	C:\WINDOWS\System32\winrnr.dll
0x00007ffa5d2a0000 - 0x00007ffa5d2aa000 	C:\Windows\System32\rasadhlp.dll
0x00007ffa5dd40000 - 0x00007ffa5ddbf000 	C:\WINDOWS\System32\fwpuclnt.dll
0x00007ffa6a650000 - 0x00007ffa6a677000 	C:\WINDOWS\System32\bcrypt.dll

dbghelp: loaded successfully - version: 4.0.5 - missing functions: none
symbol engine: initialized successfully - sym options: 0x614 - pdb path: .;C:\Users\Bex\.jdks\openjdk-16.0.2\bin;C:\WINDOWS\SYSTEM32;C:\WINDOWS\WinSxS\amd64_microsoft.windows.common-controls_6595b64144ccf1df_6.0.19041.1110_none_60b5254171f9507e;C:\Users\Bex\.jdks\openjdk-16.0.2\bin\server;C:\Program Files\JetBrains\IntelliJ IDEA Community Edition 2021.1.2\bin

VM Arguments:
jvm_args: -javaagent:C:\Program Files\JetBrains\IntelliJ IDEA Community Edition 2021.1.2\lib\idea_rt.jar=51501:C:\Program Files\JetBrains\IntelliJ IDEA Community Edition 2021.1.2\bin -Dfile.encoding=UTF-8 
java_command: com.fax.lekari.LekariApplication
java_class_path (initial): C:\Users\Bex\Desktop\upib\back\target\classes;C:\Users\Bex\.m2\repository\org\springframework\boot\spring-boot-starter-web\2.1.6.RELEASE\spring-boot-starter-web-2.1.6.RELEASE.jar;C:\Users\Bex\.m2\repository\org\springframework\boot\spring-boot-starter\2.1.6.RELEASE\spring-boot-starter-2.1.6.RELEASE.jar;C:\Users\Bex\.m2\repository\org\springframework\boot\spring-boot-starter-logging\2.1.6.RELEASE\spring-boot-starter-logging-2.1.6.RELEASE.jar;C:\Users\Bex\.m2\repository\ch\qos\logback\logback-classic\1.2.3\logback-classic-1.2.3.jar;C:\Users\Bex\.m2\repository\ch\qos\logback\logback-core\1.2.3\logback-core-1.2.3.jar;C:\Users\Bex\.m2\repository\org\apache\logging\log4j\log4j-to-slf4j\2.11.2\log4j-to-slf4j-2.11.2.jar;C:\Users\Bex\.m2\repository\org\apache\logging\log4j\log4j-api\2.11.2\log4j-api-2.11.2.jar;C:\Users\Bex\.m2\repository\org\slf4j\jul-to-slf4j\1.7.26\jul-to-slf4j-1.7.26.jar;C:\Users\Bex\.m2\repository\javax\annotation\javax.annotation-api\1.3.2\javax.annotation-api-1.3.2.jar;C:\Users\Bex\.m2\repository\org\yaml\snakeyaml\1.23\snakeyaml-1.23.jar;C:\Users\Bex\.m2\repository\org\springframework\boot\spring-boot-starter-json\2.1.6.RELEASE\spring-boot-starter-json-2.1.6.RELEASE.jar;C:\Users\Bex\.m2\repository\com\fasterxml\jackson\datatype\jackson-datatype-jdk8\2.9.9\jackson-datatype-jdk8-2.9.9.jar;C:\Users\Bex\.m2\repository\com\fasterxml\jackson\datatype\jackson-datatype-jsr310\2.9.9\jackson-datatype-jsr310-2.9.9.jar;C:\Users\Bex\.m2\repository\com\fasterxml\jackson\module\jackson-module-parameter-names\2.9.9\jackson-module-parameter-names-2.9.9.jar;C:\Users\Bex\.m2\repository\org\springframework\boot\spring-boot-starter-tomcat\2.1.6.RELEASE\spring-boot-starter-tomcat-2.1.6.RELEASE.jar;C:\Users\Bex\.m2\repository\org\apache\tomcat\embed\tomcat-embed-core\9.0.21\tomcat-embed-core-9.0.21.jar;C:\Users\Bex\.m2\repository\org\apache\tomcat\embed\tomcat-embed-el\9.0.21\tomcat-embed-el-9.0.21.jar;C:\Users\Bex\.m2\repository\org\apache\tomc
Launcher Type: SUN_STANDARD

[Global flags]
     intx CICompilerCount                          = 4                                         {product} {ergonomic}
     uint ConcGCThreads                            = 2                                         {product} {ergonomic}
     uint G1ConcRefinementThreads                  = 8                                         {product} {ergonomic}
   size_t G1HeapRegionSize                         = 1048576                                   {product} {ergonomic}
    uintx GCDrainStackTargetSize                   = 64                                        {product} {ergonomic}
   size_t InitialHeapSize                          = 100663296                                 {product} {ergonomic}
   size_t MarkStackSize                            = 4194304                                   {product} {ergonomic}
   size_t MaxHeapSize                              = 1598029824                                {product} {ergonomic}
   size_t MaxNewSize                               = 958398464                                 {product} {ergonomic}
   size_t MinHeapDeltaBytes                        = 1048576                                   {product} {ergonomic}
   size_t MinHeapSize                              = 8388608                                   {product} {ergonomic}
    uintx NonNMethodCodeHeapSize                   = 5839372                                {pd product} {ergonomic}
    uintx NonProfiledCodeHeapSize                  = 122909434                              {pd product} {ergonomic}
    uintx ProfiledCodeHeapSize                     = 122909434                              {pd product} {ergonomic}
    uintx ReservedCodeCacheSize                    = 251658240                              {pd product} {ergonomic}
     bool SegmentedCodeCache                       = true                                      {product} {ergonomic}
   size_t SoftMaxHeapSize                          = 1598029824                             {manageable} {ergonomic}
     bool UseCompressedClassPointers               = true                           {product lp64_product} {ergonomic}
     bool UseCompressedOops                        = true                           {product lp64_product} {ergonomic}
     bool UseG1GC                                  = true                                      {product} {ergonomic}
     bool UseLargePagesIndividualAllocation        = false                                  {pd product} {ergonomic}

Logging:
Log output configuration:
 #0: stdout all=warning uptime,level,tags
 #1: stderr all=off uptime,level,tags

Environment Variables:
JAVA_HOME=C:\Program Files\Java\jdk-15.0.1
PATH=C:\Program Files\Common Files\Oracle\Java\javapath;C:\Program Files (x86)\Python38-32\Scripts\;C:\Program Files (x86)\Python38-32\;C:\WINDOWS\system32;C:\WINDOWS;C:\WINDOWS\System32\Wbem;C:\WINDOWS\System32\WindowsPowerShell\v1.0\;C:\WINDOWS\System32\OpenSSH\;C:\Program Files\Azure Data Studio\bin;C:\Program Files (x86)\Microsoft SQL Server\150\DTS\Binn\;C:\Program Files\Java\jdk-15.0.1\bin;C:\Program Files\Microsoft SQL Server\Client SDK\ODBC\130\Tools\Binn\;C:\Program Files (x86)\Microsoft SQL Server\140\Tools\Binn\;C:\Program Files\Microsoft SQL Server\140\Tools\Binn\;C:\Program Files\Microsoft SQL Server\140\DTS\Binn\;C:\Program Files\dotnet\;C:\Program Files\Git\cmd;C:\Program Files (x86)\dotnet\;C:\Program Files\nodejs\;C:\Users\Bex\AppData\Local\Microsoft\WindowsApps;;E:\Download\Microsoft VS Code\bin;C:\Program Files\Azure Data Studio\bin;C:\Users\Bex\.dotnet\tools;C:\Program Files\JetBrains\IntelliJ IDEA Community Edition 2021.1.2\bin;;C:\Users\Bex\AppData\Roaming\npm
USERNAME=Bex
OS=Windows_NT
PROCESSOR_IDENTIFIER=AMD64 Family 23 Model 24 Stepping 1, AuthenticAMD



---------------  S Y S T E M  ---------------

OS:
 Windows 10 , 64 bit Build 19041 (10.0.19041.1202)
OS uptime: 0 days 0:25 hours

CPU: total 8 (initial active 8) (8 cores per cpu, 2 threads per core) family 23 model 24 stepping 1 microcode 0x0, cx8, cmov, fxsr, ht, mmx, 3dnowpref, sse, sse2, sse3, ssse3, sse4a, sse4.1, sse4.2, popcnt, lzcnt, tsc, tscinvbit, avx, avx2, aes, clmul, bmi1, bmi2, adx, sha, fma, vzeroupper, clflush, clflushopt

Memory: 4k page, system-wide physical 6090M (1157M free)
TotalPageFile size 6090M (AvailPageFile size 5M)
current process WorkingSet (physical memory assigned to process): 104M, peak: 104M
current process commit charge ("private bytes"): 206M, peak: 206M

vm_info: OpenJDK 64-Bit Server VM (16.0.2+7-67) for windows-amd64 JRE (16.0.2+7-67), built on Jun  8 2021 23:21:43 by "mach5one" with MS VC++ 16.7 (VS2019)

END.
